<?xml version="1.0" encoding="UTF-8"?>
<testsuite name="com.phonebook.tests.HomePageTests" tests="1" skipped="0" failures="0" errors="0" timestamp="2025-01-22T08:49:35" hostname="DESKTOP-IDPAKS2" time="0.146">
  <properties/>
  <testcase name="isHomeComponentPresentTest" classname="com.phonebook.tests.HomePageTests" time="0.146"/>
  <system-out><![CDATA[09:49:35.307 [Test worker] INFO  com.phonebook.tests.TestBase -- Start test isHomeComponentPresentTest[]
09:49:35.466 [Test worker] INFO  com.phonebook.utils.MyListener -- Before fine elements By.cssSelector: div:nth-child(2)>div>div>h1
09:49:35.467 [Test worker] INFO  com.phonebook.utils.MyListener -- ***********************************************
09:49:35.527 [Test worker] INFO  com.phonebook.utils.MyListener -- List size is 1
09:49:35.528 [Test worker] INFO  com.phonebook.utils.MyListener -- ************************************************************
09:49:35.614 [Test worker] INFO  com.phonebook.utils.MyListener -- Before fine elements By.cssSelector: div:nth-child(2)>div>div>h1
09:49:35.615 [Test worker] INFO  com.phonebook.utils.MyListener -- ***********************************************
09:49:35.670 [Test worker] INFO  com.phonebook.utils.MyListener -- List size is 1
09:49:35.670 [Test worker] INFO  com.phonebook.utils.MyListener -- ************************************************************
09:49:35.704 [Test worker] INFO  com.phonebook.tests.TestBase -- PASSED: isHomeComponentPresentTest
09:49:35.705 [Test worker] INFO  com.phonebook.tests.TestBase -- Stop test
09:49:35.706 [Test worker] INFO  com.phonebook.tests.TestBase -- ============================================================
]]></system-out>
  <system-err><![CDATA[]]></system-err>
</testsuite>
